01:19:14 **** Incremental Build of configuration Debug for project UART4 ****
make -j4 all 
arm-none-eabi-gcc "../Core/Src/main.c" -mcpu=cortex-m3 -std=gnu11 -g3 -DDEBUG -DUSE_HAL_DRIVER -DSTM32F103xB -c -I../Core/Inc -I../Drivers/STM32F1xx_HAL_Driver/Inc -I../Drivers/STM32F1xx_HAL_Driver/Inc/Legacy -I../Drivers/CMSIS/Device/ST/STM32F1xx/Include -I../Drivers/CMSIS/Include -O0 -ffunction-sections -fdata-sections -Wall -fstack-usage -fcyclomatic-complexity -MMD -MP -MF"Core/Src/main.d" -MT"Core/Src/main.o" --specs=nano.specs -mfloat-abi=soft -mthumb -o "Core/Src/main.o"
arm-none-eabi-gcc "../Core/Src/syscalls.c" -mcpu=cortex-m3 -std=gnu11 -g3 -DDEBUG -DUSE_HAL_DRIVER -DSTM32F103xB -c -I../Core/Inc -I../Drivers/STM32F1xx_HAL_Driver/Inc -I../Drivers/STM32F1xx_HAL_Driver/Inc/Legacy -I../Drivers/CMSIS/Device/ST/STM32F1xx/Include -I../Drivers/CMSIS/Include -O0 -ffunction-sections -fdata-sections -Wall -fstack-usage -fcyclomatic-complexity -MMD -MP -MF"Core/Src/syscalls.d" -MT"Core/Src/syscalls.o" --specs=nano.specs -mfloat-abi=soft -mthumb -o "Core/Src/syscalls.o"
arm-none-eabi-gcc "../Core/Src/sysmem.c" -mcpu=cortex-m3 -std=gnu11 -g3 -DDEBUG -DUSE_HAL_DRIVER -DSTM32F103xB -c -I../Core/Inc -I../Drivers/STM32F1xx_HAL_Driver/Inc -I../Drivers/STM32F1xx_HAL_Driver/Inc/Legacy -I../Drivers/CMSIS/Device/ST/STM32F1xx/Include -I../Drivers/CMSIS/Include -O0 -ffunction-sections -fdata-sections -Wall -fstack-usage -fcyclomatic-complexity -MMD -MP -MF"Core/Src/sysmem.d" -MT"Core/Src/sysmem.o" --specs=nano.specs -mfloat-abi=soft -mthumb -o "Core/Src/sysmem.o"
arm-none-eabi-gcc "../Core/Src/system_stm32f1xx.c" -mcpu=cortex-m3 -std=gnu11 -g3 -DDEBUG -DUSE_HAL_DRIVER -DSTM32F103xB -c -I../Core/Inc -I../Drivers/STM32F1xx_HAL_Driver/Inc -I../Drivers/STM32F1xx_HAL_Driver/Inc/Legacy -I../Drivers/CMSIS/Device/ST/STM32F1xx/Include -I../Drivers/CMSIS/Include -O0 -ffunction-sections -fdata-sections -Wall -fstack-usage -fcyclomatic-complexity -MMD -MP -MF"Core/Src/system_stm32f1xx.d" -MT"Core/Src/system_stm32f1xx.o" --specs=nano.specs -mfloat-abi=soft -mthumb -o "Core/Src/system_stm32f1xx.o"
../Core/Src/main.c: In function 'HAL_UART_TxCpltCallback':
../Core/Src/main.c:59:27: error: incompatible type for argument 1 of 'HAL_UART_Transmit'
   59 |         HAL_UART_Transmit(huart2, TxBuffer_3, strlen(TxBuffer_3), 0xFFFF);
      |                           ^~~~~~
      |                           |
      |                           UART_HandleTypeDef {aka struct __UART_HandleTypeDef}
In file included from ../Core/Inc/stm32f1xx_hal_conf.h:338,
                 from ../Drivers/STM32F1xx_HAL_Driver/Inc/stm32f1xx_hal.h:29,
                 from ../Core/Inc/main.h:30,
                 from ../Core/Src/main.c:20:
../Drivers/STM32F1xx_HAL_Driver/Inc/stm32f1xx_hal_uart.h:749:57: note: expected 'UART_HandleTypeDef *' {aka 'struct __UART_HandleTypeDef *'} but argument is of type 'UART_HandleTypeDef' {aka 'struct __UART_HandleTypeDef'}
  749 | HAL_StatusTypeDef HAL_UART_Transmit(UART_HandleTypeDef *huart, const uint8_t *pData, uint16_t Size, uint32_t Timeout);
      |                                     ~~~~~~~~~~~~~~~~~~~~^~~~~
../Core/Src/main.c:59:35: warning: pointer targets in passing argument 2 of 'HAL_UART_Transmit' differ in signedness [-Wpointer-sign]
   59 |         HAL_UART_Transmit(huart2, TxBuffer_3, strlen(TxBuffer_3), 0xFFFF);
      |                                   ^~~~~~~~~~
      |                                   |
      |                                   const char *
../Drivers/STM32F1xx_HAL_Driver/Inc/stm32f1xx_hal_uart.h:749:79: note: expected 'const uint8_t *' {aka 'const unsigned char *'} but argument is of type 'const char *'
  749 | HAL_StatusTypeDef HAL_UART_Transmit(UART_HandleTypeDef *huart, const uint8_t *pData, uint16_t Size, uint32_t Timeout);
      |                                                                ~~~~~~~~~~~~~~~^~~~~
../Core/Src/main.c: In function 'main':
../Core/Src/main.c:103:30: warning: pointer targets in passing argument 2 of 'HAL_UART_Transmit' differ in signedness [-Wpointer-sign]
  103 |   HAL_UART_Transmit(&huart2, TxBuffer, strlen(TxBuffer), 0xFFFF);
      |                              ^~~~~~~~
      |                              |
      |                              const char *
../Drivers/STM32F1xx_HAL_Driver/Inc/stm32f1xx_hal_uart.h:749:79: note: expected 'const uint8_t *' {aka 'const unsigned char *'} but argument is of type 'const char *'
  749 | HAL_StatusTypeDef HAL_UART_Transmit(UART_HandleTypeDef *huart, const uint8_t *pData, uint16_t Size, uint32_t Timeout);
      |                                                                ~~~~~~~~~~~~~~~^~~~~
make: *** [Core/Src/subdir.mk:34: Core/Src/main.o] Error 1
make: *** Waiting for unfinished jobs....
"make -j4 all" terminated with exit code 2. Build might be incomplete.
01:20:06 **** Incremental Build of configuration Debug for project UART4 ****
make -j4 all 
arm-none-eabi-gcc "../Core/Src/main.c" -mcpu=cortex-m3 -std=gnu11 -g3 -DDEBUG -DUSE_HAL_DRIVER -DSTM32F103xB -c -I../Core/Inc -I../Drivers/STM32F1xx_HAL_Driver/Inc -I../Drivers/STM32F1xx_HAL_Driver/Inc/Legacy -I../Drivers/CMSIS/Device/ST/STM32F1xx/Include -I../Drivers/CMSIS/Include -O0 -ffunction-sections -fdata-sections -Wall -fstack-usage -fcyclomatic-complexity -MMD -MP -MF"Core/Src/main.d" -MT"Core/Src/main.o" --specs=nano.specs -mfloat-abi=soft -mthumb -o "Core/Src/main.o"
../Core/Src/main.c: In function 'HAL_UART_TxCpltCallback':
../Core/Src/main.c:59:54: warning: pointer targets in passing argument 1 of 'strlen' differ in signedness [-Wpointer-sign]
   59 |         HAL_UART_Transmit(huart2, TxBuffer_3, strlen(TxBuffer_3), 0xFFFF);
      |                                                      ^~~~~~~~~~
      |                                                      |
      |                                                      const uint8_t * {aka const unsigned char *}
In file included from ../Core/Src/main.c:25:
C:\ST\STM32CubeIDE_1.15.1\STM32CubeIDE\plugins\com.st.stm32cube.ide.mcu.externaltools.gnu-tools-for-stm32.12.3.rel1.win32_1.0.100.202403111256\tools\bin/../lib/gcc/arm-none-eabi/12.3.1/../../../../arm-none-eabi/include/string.h:41:18: note: expected 'const char *' but argument is of type 'const uint8_t *' {aka 'const unsigned char *'}
   41 | size_t   strlen (const char *);
      |                  ^~~~~~~~~~~~
../Core/Src/main.c:59:27: error: incompatible type for argument 1 of 'HAL_UART_Transmit'
   59 |         HAL_UART_Transmit(huart2, TxBuffer_3, strlen(TxBuffer_3), 0xFFFF);
      |                           ^~~~~~
      |                           |
      |                           UART_HandleTypeDef {aka struct __UART_HandleTypeDef}
In file included from ../Core/Inc/stm32f1xx_hal_conf.h:338,
                 from ../Drivers/STM32F1xx_HAL_Driver/Inc/stm32f1xx_hal.h:29,
                 from ../Core/Inc/main.h:30,
                 from ../Core/Src/main.c:20:
../Drivers/STM32F1xx_HAL_Driver/Inc/stm32f1xx_hal_uart.h:749:57: note: expected 'UART_HandleTypeDef *' {aka 'struct __UART_HandleTypeDef *'} but argument is of type 'UART_HandleTypeDef' {aka 'struct __UART_HandleTypeDef'}
  749 | HAL_StatusTypeDef HAL_UART_Transmit(UART_HandleTypeDef *huart, const uint8_t *pData, uint16_t Size, uint32_t Timeout);
      |                                     ~~~~~~~~~~~~~~~~~~~~^~~~~
../Core/Src/main.c: In function 'main':
../Core/Src/main.c:103:47: warning: pointer targets in passing argument 1 of 'strlen' differ in signedness [-Wpointer-sign]
  103 |   HAL_UART_Transmit(&huart2, TxBuffer, strlen(TxBuffer), 0xFFFF);
      |                                               ^~~~~~~~
      |                                               |
      |                                               const uint8_t * {aka const unsigned char *}
C:\ST\STM32CubeIDE_1.15.1\STM32CubeIDE\plugins\com.st.stm32cube.ide.mcu.externaltools.gnu-tools-for-stm32.12.3.rel1.win32_1.0.100.202403111256\tools\bin/../lib/gcc/arm-none-eabi/12.3.1/../../../../arm-none-eabi/include/string.h:41:18: note: expected 'const char *' but argument is of type 'const uint8_t *' {aka 'const unsigned char *'}
   41 | size_t   strlen (const char *);
      |                  ^~~~~~~~~~~~
make: *** [Core/Src/subdir.mk:34: Core/Src/main.o] Error 1
"make -j4 all" terminated with exit code 2. Build might be incomplete.
01:20:32 **** Incremental Build of configuration Debug for project UART4 ****
make -j4 all 
arm-none-eabi-gcc "../Core/Src/main.c" -mcpu=cortex-m3 -std=gnu11 -g3 -DDEBUG -DUSE_HAL_DRIVER -DSTM32F103xB -c -I../Core/Inc -I../Drivers/STM32F1xx_HAL_Driver/Inc -I../Drivers/STM32F1xx_HAL_Driver/Inc/Legacy -I../Drivers/CMSIS/Device/ST/STM32F1xx/Include -I../Drivers/CMSIS/Include -O0 -ffunction-sections -fdata-sections -Wall -fstack-usage -fcyclomatic-complexity -MMD -MP -MF"Core/Src/main.d" -MT"Core/Src/main.o" --specs=nano.specs -mfloat-abi=soft -mthumb -o "Core/Src/main.o"
../Core/Src/main.c: In function 'HAL_UART_TxCpltCallback':
../Core/Src/main.c:59:64: warning: pointer targets in passing argument 1 of 'strlen' differ in signedness [-Wpointer-sign]
   59 |         HAL_UART_Transmit(huart2, (uint8_t*)TxBuffer_3, strlen(TxBuffer_3), 0xFFFF);
      |                                                                ^~~~~~~~~~
      |                                                                |
      |                                                                const uint8_t * {aka const unsigned char *}
In file included from ../Core/Src/main.c:25:
C:\ST\STM32CubeIDE_1.15.1\STM32CubeIDE\plugins\com.st.stm32cube.ide.mcu.externaltools.gnu-tools-for-stm32.12.3.rel1.win32_1.0.100.202403111256\tools\bin/../lib/gcc/arm-none-eabi/12.3.1/../../../../arm-none-eabi/include/string.h:41:18: note: expected 'const char *' but argument is of type 'const uint8_t *' {aka 'const unsigned char *'}
   41 | size_t   strlen (const char *);
      |                  ^~~~~~~~~~~~
../Core/Src/main.c:59:27: error: incompatible type for argument 1 of 'HAL_UART_Transmit'
   59 |         HAL_UART_Transmit(huart2, (uint8_t*)TxBuffer_3, strlen(TxBuffer_3), 0xFFFF);
      |                           ^~~~~~
      |                           |
      |                           UART_HandleTypeDef {aka struct __UART_HandleTypeDef}
In file included from ../Core/Inc/stm32f1xx_hal_conf.h:338,
                 from ../Drivers/STM32F1xx_HAL_Driver/Inc/stm32f1xx_hal.h:29,
                 from ../Core/Inc/main.h:30,
                 from ../Core/Src/main.c:20:
../Drivers/STM32F1xx_HAL_Driver/Inc/stm32f1xx_hal_uart.h:749:57: note: expected 'UART_HandleTypeDef *' {aka 'struct __UART_HandleTypeDef *'} but argument is of type 'UART_HandleTypeDef' {aka 'struct __UART_HandleTypeDef'}
  749 | HAL_StatusTypeDef HAL_UART_Transmit(UART_HandleTypeDef *huart, const uint8_t *pData, uint16_t Size, uint32_t Timeout);
      |                                     ~~~~~~~~~~~~~~~~~~~~^~~~~
../Core/Src/main.c: In function 'main':
../Core/Src/main.c:103:57: warning: pointer targets in passing argument 1 of 'strlen' differ in signedness [-Wpointer-sign]
  103 |   HAL_UART_Transmit(&huart2, (uint8_t*)TxBuffer, strlen(TxBuffer), 0xFFFF);
      |                                                         ^~~~~~~~
      |                                                         |
      |                                                         const uint8_t * {aka const unsigned char *}
C:\ST\STM32CubeIDE_1.15.1\STM32CubeIDE\plugins\com.st.stm32cube.ide.mcu.externaltools.gnu-tools-for-stm32.12.3.rel1.win32_1.0.100.202403111256\tools\bin/../lib/gcc/arm-none-eabi/12.3.1/../../../../arm-none-eabi/include/string.h:41:18: note: expected 'const char *' but argument is of type 'const uint8_t *' {aka 'const unsigned char *'}
   41 | size_t   strlen (const char *);
      |                  ^~~~~~~~~~~~
make: *** [Core/Src/subdir.mk:34: Core/Src/main.o] Error 1
"make -j4 all" terminated with exit code 2. Build might be incomplete.
01:22:51 **** Incremental Build of configuration Debug for project UART4 ****
make -j4 all 
arm-none-eabi-gcc "../Core/Src/main.c" -mcpu=cortex-m3 -std=gnu11 -g3 -DDEBUG -DUSE_HAL_DRIVER -DSTM32F103xB -c -I../Core/Inc -I../Drivers/STM32F1xx_HAL_Driver/Inc -I../Drivers/STM32F1xx_HAL_Driver/Inc/Legacy -I../Drivers/CMSIS/Device/ST/STM32F1xx/Include -I../Drivers/CMSIS/Include -O0 -ffunction-sections -fdata-sections -Wall -fstack-usage -fcyclomatic-complexity -MMD -MP -MF"Core/Src/main.d" -MT"Core/Src/main.o" --specs=nano.specs -mfloat-abi=soft -mthumb -o "Core/Src/main.o"
../Core/Src/main.c: In function 'HAL_UART_TxCpltCallback':
../Core/Src/main.c:59:27: error: incompatible type for argument 1 of 'HAL_UART_Transmit'
   59 |         HAL_UART_Transmit(huart2, (uint8_t*)TxBuffer_3, strlen((const char *)TxBuffer_3), 0xFFFF);
      |                           ^~~~~~
      |                           |
      |                           UART_HandleTypeDef {aka struct __UART_HandleTypeDef}
In file included from ../Core/Inc/stm32f1xx_hal_conf.h:338,
                 from ../Drivers/STM32F1xx_HAL_Driver/Inc/stm32f1xx_hal.h:29,
                 from ../Core/Inc/main.h:30,
                 from ../Core/Src/main.c:20:
../Drivers/STM32F1xx_HAL_Driver/Inc/stm32f1xx_hal_uart.h:749:57: note: expected 'UART_HandleTypeDef *' {aka 'struct __UART_HandleTypeDef *'} but argument is of type 'UART_HandleTypeDef' {aka 'struct __UART_HandleTypeDef'}
  749 | HAL_StatusTypeDef HAL_UART_Transmit(UART_HandleTypeDef *huart, const uint8_t *pData, uint16_t Size, uint32_t Timeout);
      |                                     ~~~~~~~~~~~~~~~~~~~~^~~~~
make: *** [Core/Src/subdir.mk:34: Core/Src/main.o] Error 1
"make -j4 all" terminated with exit code 2. Build might be incomplete.
01:24:28 **** Incremental Build of configuration Debug for project UART4 ****
make -j4 all 
arm-none-eabi-gcc "../Core/Src/main.c" -mcpu=cortex-m3 -std=gnu11 -g3 -DDEBUG -DUSE_HAL_DRIVER -DSTM32F103xB -c -I../Core/Inc -I../Drivers/STM32F1xx_HAL_Driver/Inc -I../Drivers/STM32F1xx_HAL_Driver/Inc/Legacy -I../Drivers/CMSIS/Device/ST/STM32F1xx/Include -I../Drivers/CMSIS/Include -O0 -ffunction-sections -fdata-sections -Wall -fstack-usage -fcyclomatic-complexity -MMD -MP -MF"Core/Src/main.d" -MT"Core/Src/main.o" --specs=nano.specs -mfloat-abi=soft -mthumb -o "Core/Src/main.o"
arm-none-eabi-gcc -o "UART4.elf" @"objects.list"   -mcpu=cortex-m3 -T"C:\STM PROJECT\CUBEIDE\UART\UART4\STM32F103RBTX_FLASH.ld" --specs=nosys.specs -Wl,-Map="UART4.map" -Wl,--gc-sections -static --specs=nano.specs -mfloat-abi=soft -mthumb -Wl,--start-group -lc -lm -Wl,--end-group
Finished building target: UART4.elf
 
arm-none-eabi-size  UART4.elf 
arm-none-eabi-objdump -h -S UART4.elf  > "UART4.list"
   text	   data	    bss	    dec	    hex	filename
   9020	     12	   1900	  10932	   2ab4	UART4.elf
Finished building: default.size.stdout
 
Finished building: UART4.list
 
01:24:44 **** Incremental Build of configuration Debug for project UART4 ****
make -j4 all 
arm-none-eabi-gcc "../Core/Src/main.c" -mcpu=cortex-m3 -std=gnu11 -g3 -DDEBUG -DUSE_HAL_DRIVER -DSTM32F103xB -c -I../Core/Inc -I../Drivers/STM32F1xx_HAL_Driver/Inc -I../Drivers/STM32F1xx_HAL_Driver/Inc/Legacy -I../Drivers/CMSIS/Device/ST/STM32F1xx/Include -I../Drivers/CMSIS/Include -O0 -ffunction-sections -fdata-sections -Wall -fstack-usage -fcyclomatic-complexity -MMD -MP -MF"Core/Src/main.d" -MT"Core/Src/main.o" --specs=nano.specs -mfloat-abi=soft -mthumb -o "Core/Src/main.o"
../Core/Src/main.c: In function 'HAL_UART_TxCpltCallback':
../Core/Src/main.c:59:65: warning: pointer targets in passing argument 1 of 'strlen' differ in signedness [-Wpointer-sign]
   59 |         HAL_UART_Transmit(&huart2, (uint8_t*)TxBuffer_3, strlen(TxBuffer_3), 0xFFFF);
      |                                                                 ^~~~~~~~~~
      |                                                                 |
      |                                                                 const uint8_t * {aka const unsigned char *}
In file included from ../Core/Src/main.c:25:
C:\ST\STM32CubeIDE_1.15.1\STM32CubeIDE\plugins\com.st.stm32cube.ide.mcu.externaltools.gnu-tools-for-stm32.12.3.rel1.win32_1.0.100.202403111256\tools\bin/../lib/gcc/arm-none-eabi/12.3.1/../../../../arm-none-eabi/include/string.h:41:18: note: expected 'const char *' but argument is of type 'const uint8_t *' {aka 'const unsigned char *'}
   41 | size_t   strlen (const char *);
      |                  ^~~~~~~~~~~~
../Core/Src/main.c: In function 'main':
../Core/Src/main.c:103:57: warning: pointer targets in passing argument 1 of 'strlen' differ in signedness [-Wpointer-sign]
  103 |   HAL_UART_Transmit(&huart2, (uint8_t*)TxBuffer, strlen(TxBuffer), 0xFFFF);
      |                                                         ^~~~~~~~
      |                                                         |
      |                                                         const uint8_t * {aka const unsigned char *}
C:\ST\STM32CubeIDE_1.15.1\STM32CubeIDE\plugins\com.st.stm32cube.ide.mcu.externaltools.gnu-tools-for-stm32.12.3.rel1.win32_1.0.100.202403111256\tools\bin/../lib/gcc/arm-none-eabi/12.3.1/../../../../arm-none-eabi/include/string.h:41:18: note: expected 'const char *' but argument is of type 'const uint8_t *' {aka 'const unsigned char *'}
   41 | size_t   strlen (const char *);
      |                  ^~~~~~~~~~~~
arm-none-eabi-gcc -o "UART4.elf" @"objects.list"   -mcpu=cortex-m3 -T"C:\STM PROJECT\CUBEIDE\UART\UART4\STM32F103RBTX_FLASH.ld" --specs=nosys.specs -Wl,-Map="UART4.map" -Wl,--gc-sections -static --specs=nano.specs -mfloat-abi=soft -mthumb -Wl,--start-group -lc -lm -Wl,--end-group
Finished building target: UART4.elf
 
arm-none-eabi-size  UART4.elf 
arm-none-eabi-objdump -h -S UART4.elf  > "UART4.list"
   text	   data	    bss	    dec	    hex	filename
   9020	     12	   1900	  10932	   2ab4	UART4.elf
Finished building: default.size.stdout
 
Finished building: UART4.list
 
01:25:00 **** Incremental Build of configuration Debug for project UART4 ****
make -j4 all 
arm-none-eabi-gcc "../Core/Src/main.c" -mcpu=cortex-m3 -std=gnu11 -g3 -DDEBUG -DUSE_HAL_DRIVER -DSTM32F103xB -c -I../Core/Inc -I../Drivers/STM32F1xx_HAL_Driver/Inc -I../Drivers/STM32F1xx_HAL_Driver/Inc/Legacy -I../Drivers/CMSIS/Device/ST/STM32F1xx/Include -I../Drivers/CMSIS/Include -O0 -ffunction-sections -fdata-sections -Wall -fstack-usage -fcyclomatic-complexity -MMD -MP -MF"Core/Src/main.d" -MT"Core/Src/main.o" --specs=nano.specs -mfloat-abi=soft -mthumb -o "Core/Src/main.o"
arm-none-eabi-gcc -o "UART4.elf" @"objects.list"   -mcpu=cortex-m3 -T"C:\STM PROJECT\CUBEIDE\UART\UART4\STM32F103RBTX_FLASH.ld" --specs=nosys.specs -Wl,-Map="UART4.map" -Wl,--gc-sections -static --specs=nano.specs -mfloat-abi=soft -mthumb -Wl,--start-group -lc -lm -Wl,--end-group
Finished building target: UART4.elf
 
arm-none-eabi-size  UART4.elf 
arm-none-eabi-objdump -h -S UART4.elf  > "UART4.list"
   text	   data	    bss	    dec	    hex	filename
   9020	     12	   1900	  10932	   2ab4	UART4.elf
Finished building: default.size.stdout
 
Finished building: UART4.list
 
01:25:12 **** Incremental Build of configuration Debug for project UART4 ****
make -j4 all 
arm-none-eabi-size  UART4.elf 
   text	   data	    bss	    dec	    hex	filename
   9020	     12	   1900	  10932	   2ab4	UART4.elf
Finished building: default.size.stdout
 
01:25:37 **** Incremental Build of configuration Debug for project UART4 ****
make -j4 all 
arm-none-eabi-gcc "../Core/Src/main.c" -mcpu=cortex-m3 -std=gnu11 -g3 -DDEBUG -DUSE_HAL_DRIVER -DSTM32F103xB -c -I../Core/Inc -I../Drivers/STM32F1xx_HAL_Driver/Inc -I../Drivers/STM32F1xx_HAL_Driver/Inc/Legacy -I../Drivers/CMSIS/Device/ST/STM32F1xx/Include -I../Drivers/CMSIS/Include -O0 -ffunction-sections -fdata-sections -Wall -fstack-usage -fcyclomatic-complexity -MMD -MP -MF"Core/Src/main.d" -MT"Core/Src/main.o" --specs=nano.specs -mfloat-abi=soft -mthumb -o "Core/Src/main.o"
arm-none-eabi-gcc -o "UART4.elf" @"objects.list"   -mcpu=cortex-m3 -T"C:\STM PROJECT\CUBEIDE\UART\UART4\STM32F103RBTX_FLASH.ld" --specs=nosys.specs -Wl,-Map="UART4.map" -Wl,--gc-sections -static --specs=nano.specs -mfloat-abi=soft -mthumb -Wl,--start-group -lc -lm -Wl,--end-group
Finished building target: UART4.elf
 
arm-none-eabi-size  UART4.elf 
arm-none-eabi-objdump -h -S UART4.elf  > "UART4.list"
   text	   data	    bss	    dec	    hex	filename
   9020	     12	   1900	  10932	   2ab4	UART4.elf
Finished building: default.size.stdout
 
Finished building: UART4.list
 
01:25:40 **** Incremental Build of configuration Debug for project UART4 ****
make -j4 all 
arm-none-eabi-size  UART4.elf 
   text	   data	    bss	    dec	    hex	filename
   9020	     12	   1900	  10932	   2ab4	UART4.elf
Finished building: default.size.stdout
 
01:26:49 **** Incremental Build of configuration Debug for project UART4 ****
make -j4 all 
arm-none-eabi-gcc "../Core/Src/main.c" -mcpu=cortex-m3 -std=gnu11 -g3 -DDEBUG -DUSE_HAL_DRIVER -DSTM32F103xB -c -I../Core/Inc -I../Drivers/STM32F1xx_HAL_Driver/Inc -I../Drivers/STM32F1xx_HAL_Driver/Inc/Legacy -I../Drivers/CMSIS/Device/ST/STM32F1xx/Include -I../Drivers/CMSIS/Include -O0 -ffunction-sections -fdata-sections -Wall -fstack-usage -fcyclomatic-complexity -MMD -MP -MF"Core/Src/main.d" -MT"Core/Src/main.o" --specs=nano.specs -mfloat-abi=soft -mthumb -o "Core/Src/main.o"
arm-none-eabi-gcc -o "UART4.elf" @"objects.list"   -mcpu=cortex-m3 -T"C:\STM PROJECT\CUBEIDE\UART\UART4\STM32F103RBTX_FLASH.ld" --specs=nosys.specs -Wl,-Map="UART4.map" -Wl,--gc-sections -static --specs=nano.specs -mfloat-abi=soft -mthumb -Wl,--start-group -lc -lm -Wl,--end-group
Finished building target: UART4.elf
 
arm-none-eabi-size  UART4.elf 
arm-none-eabi-objdump -h -S UART4.elf  > "UART4.list"
   text	   data	    bss	    dec	    hex	filename
   8976	     12	   1900	  10888	   2a88	UART4.elf
Finished building: default.size.stdout
 
Finished building: UART4.list
 
01:26:54 **** Incremental Build of configuration Debug for project UART4 ****
make -j4 all 
arm-none-eabi-gcc "../Core/Src/main.c" -mcpu=cortex-m3 -std=gnu11 -g3 -DDEBUG -DUSE_HAL_DRIVER -DSTM32F103xB -c -I../Core/Inc -I../Drivers/STM32F1xx_HAL_Driver/Inc -I../Drivers/STM32F1xx_HAL_Driver/Inc/Legacy -I../Drivers/CMSIS/Device/ST/STM32F1xx/Include -I../Drivers/CMSIS/Include -O0 -ffunction-sections -fdata-sections -Wall -fstack-usage -fcyclomatic-complexity -MMD -MP -MF"Core/Src/main.d" -MT"Core/Src/main.o" --specs=nano.specs -mfloat-abi=soft -mthumb -o "Core/Src/main.o"
arm-none-eabi-gcc -o "UART4.elf" @"objects.list"   -mcpu=cortex-m3 -T"C:\STM PROJECT\CUBEIDE\UART\UART4\STM32F103RBTX_FLASH.ld" --specs=nosys.specs -Wl,-Map="UART4.map" -Wl,--gc-sections -static --specs=nano.specs -mfloat-abi=soft -mthumb -Wl,--start-group -lc -lm -Wl,--end-group
Finished building target: UART4.elf
 
arm-none-eabi-size  UART4.elf 
arm-none-eabi-objdump -h -S UART4.elf  > "UART4.list"
   text	   data	    bss	    dec	    hex	filename
   9020	     12	   1900	  10932	   2ab4	UART4.elf
Finished building: default.size.stdout
 
Finished building: UART4.list
 
01:26:57 **** Incremental Build of configuration Debug for project UART4 ****
make -j4 all 
arm-none-eabi-size  UART4.elf 
   text	   data	    bss	    dec	    hex	filename
   9020	     12	   1900	  10932	   2ab4	UART4.elf
Finished building: default.size.stdout
 
01:34:42 **** Incremental Build of configuration Debug for project UART4 ****
make -j4 all 
arm-none-eabi-gcc "../Core/Src/main.c" -mcpu=cortex-m3 -std=gnu11 -g3 -DDEBUG -DUSE_HAL_DRIVER -DSTM32F103xB -c -I../Core/Inc -I../Drivers/STM32F1xx_HAL_Driver/Inc -I../Drivers/STM32F1xx_HAL_Driver/Inc/Legacy -I../Drivers/CMSIS/Device/ST/STM32F1xx/Include -I../Drivers/CMSIS/Include -O0 -ffunction-sections -fdata-sections -Wall -fstack-usage -fcyclomatic-complexity -MMD -MP -MF"Core/Src/main.d" -MT"Core/Src/main.o" --specs=nano.specs -mfloat-abi=soft -mthumb -o "Core/Src/main.o"
../Core/Src/main.c: In function 'HAL_UART_RxCpltCallback':
../Core/Src/main.c:230:31: error: 'UART3' undeclared (first use in this function); did you mean 'USART3'?
  230 |         if(huart->Instance == UART3)
      |                               ^~~~~
      |                               USART3
../Core/Src/main.c:230:31: note: each undeclared identifier is reported only once for each function it appears in
make: *** [Core/Src/subdir.mk:34: Core/Src/main.o] Error 1
"make -j4 all" terminated with exit code 2. Build might be incomplete.
01:34:53 **** Incremental Build of configuration Debug for project UART4 ****
make -j4 all 
arm-none-eabi-gcc "../Core/Src/main.c" -mcpu=cortex-m3 -std=gnu11 -g3 -DDEBUG -DUSE_HAL_DRIVER -DSTM32F103xB -c -I../Core/Inc -I../Drivers/STM32F1xx_HAL_Driver/Inc -I../Drivers/STM32F1xx_HAL_Driver/Inc/Legacy -I../Drivers/CMSIS/Device/ST/STM32F1xx/Include -I../Drivers/CMSIS/Include -O0 -ffunction-sections -fdata-sections -Wall -fstack-usage -fcyclomatic-complexity -MMD -MP -MF"Core/Src/main.d" -MT"Core/Src/main.o" --specs=nano.specs -mfloat-abi=soft -mthumb -o "Core/Src/main.o"
../Core/Src/main.c: In function 'HAL_UART_RxCpltCallback':
../Core/Src/main.c:230:31: error: 'UART2' undeclared (first use in this function); did you mean 'USART2'?
  230 |         if(huart->Instance == UART2)
      |                               ^~~~~
      |                               USART2
../Core/Src/main.c:230:31: note: each undeclared identifier is reported only once for each function it appears in
make: *** [Core/Src/subdir.mk:34: Core/Src/main.o] Error 1
"make -j4 all" terminated with exit code 2. Build might be incomplete.
01:35:08 **** Incremental Build of configuration Debug for project UART4 ****
make -j4 all 
arm-none-eabi-gcc "../Core/Src/main.c" -mcpu=cortex-m3 -std=gnu11 -g3 -DDEBUG -DUSE_HAL_DRIVER -DSTM32F103xB -c -I../Core/Inc -I../Drivers/STM32F1xx_HAL_Driver/Inc -I../Drivers/STM32F1xx_HAL_Driver/Inc/Legacy -I../Drivers/CMSIS/Device/ST/STM32F1xx/Include -I../Drivers/CMSIS/Include -O0 -ffunction-sections -fdata-sections -Wall -fstack-usage -fcyclomatic-complexity -MMD -MP -MF"Core/Src/main.d" -MT"Core/Src/main.o" --specs=nano.specs -mfloat-abi=soft -mthumb -o "Core/Src/main.o"
arm-none-eabi-gcc -o "UART4.elf" @"objects.list"   -mcpu=cortex-m3 -T"C:\STM PROJECT\CUBEIDE\UART\UART4\STM32F103RBTX_FLASH.ld" --specs=nosys.specs -Wl,-Map="UART4.map" -Wl,--gc-sections -static --specs=nano.specs -mfloat-abi=soft -mthumb -Wl,--start-group -lc -lm -Wl,--end-group
Finished building target: UART4.elf
 
arm-none-eabi-size  UART4.elf 
arm-none-eabi-objdump -h -S UART4.elf  > "UART4.list"
   text	   data	    bss	    dec	    hex	filename
   9032	     12	   1900	  10944	   2ac0	UART4.elf
Finished building: default.size.stdout
 
Finished building: UART4.list
 
01:35:13 **** Incremental Build of configuration Debug for project UART4 ****
make -j4 all 
arm-none-eabi-size  UART4.elf 
   text	   data	    bss	    dec	    hex	filename
   9032	     12	   1900	  10944	   2ac0	UART4.elf
Finished building: default.size.stdout
 
01:35:26 **** Incremental Build of configuration Debug for project UART4 ****
make -j4 all 
arm-none-eabi-size  UART4.elf 
   text	   data	    bss	    dec	    hex	filename
   9032	     12	   1900	  10944	   2ac0	UART4.elf
Finished building: default.size.stdout
 
